#
# There is insufficient memory for the Java Runtime Environment to continue.
# Native memory allocation (malloc) failed to allocate 32744 bytes for ChunkPool::allocate
# Possible reasons:
#   The system is out of physical RAM or swap space
#   In 32 bit mode, the process size limit was hit
# Possible solutions:
#   Reduce memory load on the system
#   Increase physical memory or swap space
#   Check if swap backing store is full
#   Use 64 bit Java on a 64 bit OS
#   Decrease Java heap size (-Xmx/-Xms)
#   Decrease number of Java threads
#   Decrease Java thread stack sizes (-Xss)
#   Set larger code cache with -XX:ReservedCodeCacheSize=
# This output file may be truncated or incomplete.
#
#  Out of Memory Error (allocation.cpp:273), pid=15400, tid=0x00000000000050d8
#
# JRE version: Java(TM) SE Runtime Environment (8.0_111-b14) (build 1.8.0_111-b14)
# Java VM: Java HotSpot(TM) 64-Bit Server VM (25.111-b14 mixed mode windows-amd64 compressed oops)
# Failed to write core dump. Minidumps are not enabled by default on client versions of Windows
#

---------------  T H R E A D  ---------------

Current thread (0x0000000017ade800):  JavaThread "C2 CompilerThread0" daemon [_thread_in_native, id=20696, stack(0x0000000019150000,0x0000000019250000)]

Stack: [0x0000000019150000,0x0000000019250000]
[error occurred during error reporting (printing stack bounds), id 0xc0000005]

Native frames: (J=compiled Java code, j=interpreted, Vv=VM code, C=native code)


Current CompileTask:
C2: 101669 2568       4       java.util.concurrent.SynchronousQueue$TransferStack::transfer (380 bytes)


---------------  P R O C E S S  ---------------

Java Threads: ( => current thread )
  0x00000000195ae000 JavaThread "pool-1-thread-12" [_thread_blocked, id=12508, stack(0x000000001ed10000,0x000000001ee10000)]
  0x00000000195ad800 JavaThread "pool-1-thread-11" [_thread_blocked, id=5052, stack(0x000000001e410000,0x000000001e510000)]
  0x00000000195ac000 JavaThread "pool-1-thread-10" [_thread_blocked, id=7828, stack(0x000000001dd10000,0x000000001de10000)]
  0x00000000195ab000 JavaThread "pool-1-thread-9" [_thread_blocked, id=2832, stack(0x000000001dc10000,0x000000001dd10000)]
  0x00000000195a9800 JavaThread "pool-1-thread-8" [_thread_blocked, id=14552, stack(0x000000001db10000,0x000000001dc10000)]
  0x00000000195a9000 JavaThread "pool-1-thread-7" [_thread_blocked, id=5648, stack(0x000000001da10000,0x000000001db10000)]
  0x00000000195ac800 JavaThread "pool-1-thread-6" [_thread_blocked, id=19300, stack(0x000000001d910000,0x000000001da10000)]
  0x00000000195a8000 JavaThread "pool-1-thread-5" [_thread_blocked, id=11624, stack(0x000000001d810000,0x000000001d910000)]
  0x00000000195aa800 JavaThread "pool-1-thread-4" [_thread_blocked, id=18132, stack(0x000000001d710000,0x000000001d810000)]
  0x0000000019e78800 JavaThread "pool-1-thread-3" [_thread_blocked, id=17016, stack(0x000000001d610000,0x000000001d710000)]
  0x00000000195ca000 JavaThread "TimerQueue" daemon [_thread_blocked, id=8740, stack(0x000000001be60000,0x000000001bf60000)]
  0x0000000019e89000 JavaThread "Thread-1" [_thread_in_native, id=3348, stack(0x000000001bb60000,0x000000001bc60000)]
  0x0000000019f57000 JavaThread "BluecoveAsynchronousShutdownThread" daemon [_thread_blocked, id=17316, stack(0x000000001b960000,0x000000001ba60000)]
  0x0000000000ddd800 JavaThread "DestroyJavaVM" [_thread_blocked, id=16488, stack(0x0000000002e40000,0x0000000002f40000)]
  0x0000000019826000 JavaThread "AWT-EventQueue-0" [_thread_blocked, id=21140, stack(0x000000001a850000,0x000000001a950000)]
  0x00000000197ec000 JavaThread "AWT-Windows" daemon [_thread_in_native, id=18700, stack(0x000000001a5c0000,0x000000001a6c0000)]
  0x0000000019c03800 JavaThread "AWT-Shutdown" [_thread_blocked, id=15416, stack(0x000000001a4c0000,0x000000001a5c0000)]
  0x0000000019c02800 JavaThread "Java2D Disposer" daemon [_thread_blocked, id=556, stack(0x000000001a3c0000,0x000000001a4c0000)]
  0x0000000019468800 JavaThread "Service Thread" daemon [_thread_blocked, id=17384, stack(0x0000000019850000,0x0000000019950000)]
  0x0000000017af4000 JavaThread "C1 CompilerThread2" daemon [_thread_blocked, id=14372, stack(0x0000000019350000,0x0000000019450000)]
  0x0000000017ae9000 JavaThread "C2 CompilerThread1" daemon [_thread_blocked, id=5228, stack(0x0000000019250000,0x0000000019350000)]
=>0x0000000017ade800 JavaThread "C2 CompilerThread0" daemon [_thread_in_native, id=20696, stack(0x0000000019150000,0x0000000019250000)]
  0x0000000017adc800 JavaThread "Attach Listener" daemon [_thread_blocked, id=19716, stack(0x0000000019050000,0x0000000019150000)]
  0x000000000303d800 JavaThread "Signal Dispatcher" daemon [_thread_blocked, id=15648, stack(0x0000000018f50000,0x0000000019050000)]
  0x0000000017aca800 JavaThread "Finalizer" daemon [_thread_blocked, id=12924, stack(0x0000000018d30000,0x0000000018e30000)]
  0x0000000003030800 JavaThread "Reference Handler" daemon [_thread_blocked, id=18880, stack(0x0000000018c30000,0x0000000018d30000)]

Other Threads:
  0x0000000017aa7800 VMThread [stack: 0x0000000018b30000,0x0000000018c30000] [id=21456]
  0x0000000019496000 WatcherThread [stack: 0x0000000019950000,0x0000000019a50000] [id=8340]

VM state:not at safepoint (normal execution)

VM Mutex/Monitor currently owned by a thread: None

Heap:
 PSYoungGen      total 647168K, used 623373K [0x00000000d6300000, 0x0000000100000000, 0x0000000100000000)
  eden space 609280K, 96% used [0x00000000d6300000,0x00000000f9ec7cc0,0x00000000fb600000)
  from space 37888K, 99% used [0x00000000fb600000,0x00000000fdafbab8,0x00000000fdb00000)
  to   space 37888K, 0% used [0x00000000fdb00000,0x00000000fdb00000,0x0000000100000000)
 ParOldGen       total 86016K, used 50674K [0x0000000082800000, 0x0000000087c00000, 0x00000000d6300000)
  object space 86016K, 58% used [0x0000000082800000,0x000000008597cb88,0x0000000087c00000)
 Metaspace       used 16515K, capacity 16758K, committed 16896K, reserved 1064960K
  class space    used 1947K, capacity 2033K, committed 2048K, reserved 1048576K

Card table byte_map: [0x0000000012400000,0x00000000127f0000] byte_map_base: 0x0000000011fec000

Marking Bits: (ParMarkBitMap*) 0x00000000699ca6c0
 Begin Bits: [0x0000000012e90000, 0x0000000014df0000)
 End Bits:   [0x0000000014df0000, 0x0000000016d50000)

Polling page: 0x0000000001230000

CodeCache: size=245760Kb used=7784Kb max_used=7903Kb free=237975Kb
 bounds [0x0000000003040000, 0x0000000003810000, 0x0000000012040000]
 total_blobs=3064 nmethods=2296 adapters=679
 compilation: enabled

Compilation events (10 events):
Event: 101.006 Thread 0x0000000017ade800 nmethod 2563 0x0000000003278950 code [0x0000000003278aa0, 0x0000000003278bb8]
Event: 101.287 Thread 0x0000000017ae9000 2564       4       sun.awt.dnd.SunDragSourceContextPeer::checkEvent (29 bytes)
Event: 101.288 Thread 0x0000000017ae9000 nmethod 2564 0x00000000031d4850 code [0x00000000031d4980, 0x00000000031d49f8]
Event: 101.289 Thread 0x0000000017af4000 2565   !   3       java.awt.EventDispatchThread::pumpOneEventForFilters (295 bytes)
Event: 101.292 Thread 0x0000000017af4000 nmethod 2565 0x00000000037e6f50 code [0x00000000037e7320, 0x00000000037e96a8]
Event: 101.371 Thread 0x0000000017ade800 2566       4       sun.java2d.SunGraphics2D::<init> (180 bytes)
Event: 101.396 Thread 0x0000000017ade800 nmethod 2566 0x0000000003286f10 code [0x0000000003287100, 0x0000000003287af8]
Event: 101.580 Thread 0x0000000017ae9000 2567       4       java.util.RegularEnumSet::add (9 bytes)
Event: 101.583 Thread 0x0000000017ae9000 nmethod 2567 0x00000000034a0fd0 code [0x00000000034a1120, 0x00000000034a1218]
Event: 101.626 Thread 0x0000000017ade800 2568       4       java.util.concurrent.SynchronousQueue$TransferStack::transfer (380 bytes)

GC Heap History (10 events):
Event: 72.293 GC heap before
{Heap before GC invocations=19 (full 0):
 PSYoungGen      total 652800K, used 635148K [0x00000000d6300000, 0x0000000100000000, 0x0000000100000000)
  eden space 622592K, 100% used [0x00000000d6300000,0x00000000fc300000,0x00000000fc300000)
  from space 30208K, 41% used [0x00000000fdf00000,0x00000000feb433d8,0x00000000ffc80000)
  to   space 28672K, 0% used [0x00000000fc300000,0x00000000fc300000,0x00000000fdf00000)
 ParOldGen       total 86016K, used 37506K [0x0000000082800000, 0x0000000087c00000, 0x00000000d6300000)
  object space 86016K, 43% used [0x0000000082800000,0x0000000084ca0b88,0x0000000087c00000)
 Metaspace       used 16432K, capacity 16694K, committed 16896K, reserved 1064960K
  class space    used 1947K, capacity 2033K, committed 2048K, reserved 1048576K
Event: 72.331 GC heap after
Heap after GC invocations=19 (full 0):
 PSYoungGen      total 605184K, used 11286K [0x00000000d6300000, 0x00000000fdf80000, 0x0000000100000000)
  eden space 593408K, 0% used [0x00000000d6300000,0x00000000d6300000,0x00000000fa680000)
  from space 11776K, 95% used [0x00000000fc300000,0x00000000fce05b88,0x00000000fce80000)
  to   space 17408K, 0% used [0x00000000fce80000,0x00000000fce80000,0x00000000fdf80000)
 ParOldGen       total 86016K, used 37562K [0x0000000082800000, 0x0000000087c00000, 0x00000000d6300000)
  object space 86016K, 43% used [0x0000000082800000,0x0000000084caeb88,0x0000000087c00000)
 Metaspace       used 16432K, capacity 16694K, committed 16896K, reserved 1064960K
  class space    used 1947K, capacity 2033K, committed 2048K, reserved 1048576K
}
Event: 78.025 GC heap before
{Heap before GC invocations=20 (full 0):
 PSYoungGen      total 605184K, used 604694K [0x00000000d6300000, 0x00000000fdf80000, 0x0000000100000000)
  eden space 593408K, 100% used [0x00000000d6300000,0x00000000fa680000,0x00000000fa680000)
  from space 11776K, 95% used [0x00000000fc300000,0x00000000fce05b88,0x00000000fce80000)
  to   space 17408K, 0% used [0x00000000fce80000,0x00000000fce80000,0x00000000fdf80000)
 ParOldGen       total 86016K, used 37562K [0x0000000082800000, 0x0000000087c00000, 0x00000000d6300000)
  object space 86016K, 43% used [0x0000000082800000,0x0000000084caeb88,0x0000000087c00000)
 Metaspace       used 16453K, capacity 16694K, committed 16896K, reserved 1064960K
  class space    used 1947K, capacity 2033K, committed 2048K, reserved 1048576K
Event: 78.085 GC heap after
Heap after GC invocations=20 (full 0):
 PSYoungGen      total 583168K, used 17399K [0x00000000d6300000, 0x00000000fdf80000, 0x0000000100000000)
  eden space 565760K, 0% used [0x00000000d6300000,0x00000000d6300000,0x00000000f8b80000)
  from space 17408K, 99% used [0x00000000fce80000,0x00000000fdf7df50,0x00000000fdf80000)
  to   space 29696K, 0% used [0x00000000fa580000,0x00000000fa580000,0x00000000fc280000)
 ParOldGen       total 86016K, used 42514K [0x0000000082800000, 0x0000000087c00000, 0x00000000d6300000)
  object space 86016K, 49% used [0x0000000082800000,0x0000000085184b88,0x0000000087c00000)
 Metaspace       used 16453K, capacity 16694K, committed 16896K, reserved 1064960K
  class space    used 1947K, capacity 2033K, committed 2048K, reserved 1048576K
}
Event: 83.404 GC heap before
{Heap before GC invocations=21 (full 0):
 PSYoungGen      total 583168K, used 582741K [0x00000000d6300000, 0x00000000fdf80000, 0x0000000100000000)
  eden space 565760K, 99% used [0x00000000d6300000,0x00000000f8b17858,0x00000000f8b80000)
  from space 17408K, 99% used [0x00000000fce80000,0x00000000fdf7df50,0x00000000fdf80000)
  to   space 29696K, 0% used [0x00000000fa580000,0x00000000fa580000,0x00000000fc280000)
 ParOldGen       total 86016K, used 42514K [0x0000000082800000, 0x0000000087c00000, 0x00000000d6300000)
  object space 86016K, 49% used [0x0000000082800000,0x0000000085184b88,0x0000000087c00000)
 Metaspace       used 16478K, capacity 16758K, committed 16896K, reserved 1064960K
  class space    used 1947K, capacity 2033K, committed 2048K, reserved 1048576K
Event: 83.548 GC heap after
Heap after GC invocations=21 (full 0):
 PSYoungGen      total 622080K, used 29666K [0x00000000d6300000, 0x0000000100000000, 0x0000000100000000)
  eden space 592384K, 0% used [0x00000000d6300000,0x00000000d6300000,0x00000000fa580000)
  from space 29696K, 99% used [0x00000000fa580000,0x00000000fc278b10,0x00000000fc280000)
  to   space 34304K, 0% used [0x00000000fde80000,0x00000000fde80000,0x0000000100000000)
 ParOldGen       total 86016K, used 43690K [0x0000000082800000, 0x0000000087c00000, 0x00000000d6300000)
  object space 86016K, 50% used [0x0000000082800000,0x00000000852aab88,0x0000000087c00000)
 Metaspace       used 16478K, capacity 16758K, committed 16896K, reserved 1064960K
  class space    used 1947K, capacity 2033K, committed 2048K, reserved 1048576K
}
Event: 89.146 GC heap before
{Heap before GC invocations=22 (full 0):
 PSYoungGen      total 622080K, used 621371K [0x00000000d6300000, 0x0000000100000000, 0x0000000100000000)
  eden space 592384K, 99% used [0x00000000d6300000,0x00000000fa4d6330,0x00000000fa580000)
  from space 29696K, 99% used [0x00000000fa580000,0x00000000fc278b10,0x00000000fc280000)
  to   space 34304K, 0% used [0x00000000fde80000,0x00000000fde80000,0x0000000100000000)
 ParOldGen       total 86016K, used 43690K [0x0000000082800000, 0x0000000087c00000, 0x00000000d6300000)
  object space 86016K, 50% used [0x0000000082800000,0x00000000852aab88,0x0000000087c00000)
 Metaspace       used 16507K, capacity 16758K, committed 16896K, reserved 1064960K
  class space    used 1947K, capacity 2033K, committed 2048K, reserved 1048576K
Event: 89.252 GC heap after
Heap after GC invocations=22 (full 0):
 PSYoungGen      total 643584K, used 30938K [0x00000000d6300000, 0x0000000100000000, 0x0000000100000000)
  eden space 609280K, 0% used [0x00000000d6300000,0x00000000d6300000,0x00000000fb600000)
  from space 34304K, 90% used [0x00000000fde80000,0x00000000ffcb6870,0x0000000100000000)
  to   space 37888K, 0% used [0x00000000fb600000,0x00000000fb600000,0x00000000fdb00000)
 ParOldGen       total 86016K, used 43714K [0x0000000082800000, 0x0000000087c00000, 0x00000000d6300000)
  object space 86016K, 50% used [0x0000000082800000,0x00000000852b0b88,0x0000000087c00000)
 Metaspace       used 16507K, capacity 16758K, committed 16896K, reserved 1064960K
  class space    used 1947K, capacity 2033K, committed 2048K, reserved 1048576K
}
Event: 95.849 GC heap before
{Heap before GC invocations=23 (full 0):
 PSYoungGen      total 643584K, used 640218K [0x00000000d6300000, 0x0000000100000000, 0x0000000100000000)
  eden space 609280K, 100% used [0x00000000d6300000,0x00000000fb600000,0x00000000fb600000)
  from space 34304K, 90% used [0x00000000fde80000,0x00000000ffcb6870,0x0000000100000000)
  to   space 37888K, 0% used [0x00000000fb600000,0x00000000fb600000,0x00000000fdb00000)
 ParOldGen       total 86016K, used 43714K [0x0000000082800000, 0x0000000087c00000, 0x00000000d6300000)
  object space 86016K, 50% used [0x0000000082800000,0x00000000852b0b88,0x0000000087c00000)
 Metaspace       used 16511K, capacity 16758K, committed 16896K, reserved 1064960K
  class space    used 1947K, capacity 2033K, committed 2048K, reserved 1048576K
Event: 95.967 GC heap after
Heap after GC invocations=23 (full 0):
 PSYoungGen      total 647168K, used 37870K [0x00000000d6300000, 0x0000000100000000, 0x0000000100000000)
  eden space 609280K, 0% used [0x00000000d6300000,0x00000000d6300000,0x00000000fb600000)
  from space 37888K, 99% used [0x00000000fb600000,0x00000000fdafbab8,0x00000000fdb00000)
  to   space 37888K, 0% used [0x00000000fdb00000,0x00000000fdb00000,0x0000000100000000)
 ParOldGen       total 86016K, used 50674K [0x0000000082800000, 0x0000000087c00000, 0x00000000d6300000)
  object space 86016K, 58% used [0x0000000082800000,0x000000008597cb88,0x0000000087c00000)
 Metaspace       used 16511K, capacity 16758K, committed 16896K, reserved 1064960K
  class space    used 1947K, capacity 2033K, committed 2048K, reserved 1048576K
}

Deoptimization events (10 events):
Event: 7.729 Thread 0x0000000003030800 Uncommon trap: reason=class_check action=maybe_recompile pc=0x0000000003461684 method=java.lang.ref.ReferenceQueue.enqueue(Ljava/lang/ref/Reference;)Z @ 91
Event: 7.729 Thread 0x0000000003030800 Uncommon trap: reason=class_check action=maybe_recompile pc=0x0000000003461684 method=java.lang.ref.ReferenceQueue.enqueue(Ljava/lang/ref/Reference;)Z @ 91
Event: 7.730 Thread 0x0000000003030800 Uncommon trap: reason=class_check action=maybe_recompile pc=0x0000000003461684 method=java.lang.ref.ReferenceQueue.enqueue(Ljava/lang/ref/Reference;)Z @ 91
Event: 7.732 Thread 0x0000000019c02800 Uncommon trap: reason=unstable_if action=reinterpret pc=0x00000000034601b8 method=java.lang.ref.ReferenceQueue.remove(J)Ljava/lang/ref/Reference; @ 31
Event: 7.752 Thread 0x0000000017aca800 Uncommon trap: reason=unstable_if action=reinterpret pc=0x00000000034677bc method=java.lang.ref.Finalizer.remove()V @ 10
Event: 7.752 Thread 0x0000000017aca800 Uncommon trap: reason=unstable_if action=reinterpret pc=0x0000000003469564 method=java.lang.ref.Finalizer.remove()V @ 10
Event: 7.752 Thread 0x0000000017aca800 Uncommon trap: reason=unstable_if action=reinterpret pc=0x0000000003466fe8 method=java.lang.ref.Finalizer.remove()V @ 10
Event: 28.955 Thread 0x0000000019826000 Uncommon trap: reason=unstable_if action=reinterpret pc=0x0000000003683ebc method=java.util.IdentityHashMap.get(Ljava/lang/Object;)Ljava/lang/Object; @ 43
Event: 61.632 Thread 0x00000000195aa800 Uncommon trap: reason=unstable_if action=reinterpret pc=0x000000000375a06c method=Lumix_wifi_tether.StreamViewer.lambda$0(Ljava/net/DatagramPacket;)V @ 303
Event: 100.138 Thread 0x0000000019826000 Uncommon trap: reason=unstable_if action=reinterpret pc=0x00000000037ad62c method=java.util.concurrent.locks.AbstractQueuedSynchronizer.isOnSyncQueue(Ljava/util/concurrent/locks/AbstractQueuedSynchronizer$Node;)Z @ 22

Internal exceptions (10 events):
Event: 95.787 Thread 0x00000000195ac800 Exception <a 'org/opencv/core/CvException': cv::Exception: OpenCV(4.3.0) C:\build\master_winpack-bindings-win64-vc14-static\opencv\modules\core\src\alloc.cpp:73: error: (-4:Insufficient memory) Failed to allocate 829440 bytes in function 'cv::OutOfMemoryE
Event: 95.827 Thread 0x00000000195ac800 Exception <a 'org/opencv/core/CvException': cv::Exception: OpenCV(4.3.0) C:\build\master_winpack-bindings-win64-vc14-static\opencv\modules\core\src\alloc.cpp:73: error: (-4:Insufficient memory) Failed to allocate 829440 bytes in function 'cv::OutOfMemoryE
Event: 95.973 Thread 0x00000000195ac800 Exception <a 'org/opencv/core/CvException': cv::Exception: OpenCV(4.3.0) C:\build\master_winpack-bindings-win64-vc14-static\opencv\modules\core\src\alloc.cpp:73: error: (-4:Insufficient memory) Failed to allocate 829440 bytes in function 'cv::OutOfMemoryE
Event: 95.979 Thread 0x00000000195aa800 Exception <a 'org/opencv/core/CvException': cv::Exception: OpenCV(4.3.0) C:\build\master_winpack-bindings-win64-vc14-static\opencv\modules\core\src\alloc.cpp:73: error: (-4:Insufficient memory) Failed to allocate 829440 bytes in function 'cv::OutOfMemoryE
Event: 101.427 Thread 0x00000000195a8000 Exception <a 'org/opencv/core/CvException': cv::Exception: OpenCV(4.3.0) C:\build\master_winpack-bindings-win64-vc14-static\opencv\modules\core\src\alloc.cpp:73: error: (-4:Insufficient memory) Failed to allocate 829440 bytes in function 'cv::OutOfMemoryE
Event: 101.457 Thread 0x00000000195a8000 Exception <a 'org/opencv/core/CvException': cv::Exception: OpenCV(4.3.0) C:\build\master_winpack-bindings-win64-vc14-static\opencv\modules\core\src\alloc.cpp:73: error: (-4:Insufficient memory) Failed to allocate 829440 bytes in function 'cv::OutOfMemoryE
Event: 101.495 Thread 0x00000000195a8000 Exception <a 'org/opencv/core/CvException': cv::Exception: OpenCV(4.3.0) C:\build\master_winpack-bindings-win64-vc14-static\opencv\modules\core\src\alloc.cpp:73: error: (-4:Insufficient memory) Failed to allocate 829440 bytes in function 'cv::OutOfMemoryE
Event: 101.559 Thread 0x00000000195a8000 Exception <a 'org/opencv/core/CvException': cv::Exception: OpenCV(4.3.0) C:\build\master_winpack-bindings-win64-vc14-static\opencv\modules\core\src\alloc.cpp:73: error: (-4:Insufficient memory) Failed to allocate 829440 bytes in function 'cv::OutOfMemoryE
Event: 101.595 Thread 0x00000000195a8000 Exception <a 'org/opencv/core/CvException': cv::Exception: OpenCV(4.3.0) C:\build\master_winpack-bindings-win64-vc14-static\opencv\modules\core\src\alloc.cpp:73: error: (-4:Insufficient memory) Failed to allocate 829440 bytes in function 'cv::OutOfMemoryE
Event: 101.626 Thread 0x00000000195a8000 Exception <a 'org/opencv/core/CvException': cv::Exception: OpenCV(4.3.0) C:\build\master_winpack-bindings-win64-vc14-static\opencv\modules\core\src\alloc.cpp:73: error: (-4:Insufficient memory) Failed to allocate 829440 bytes in function 'cv::OutOfMemoryE

Events (10 events):
Event: 101.396 Thread 0x0000000017ade800 flushing nmethod 0x000000000347a190
Event: 101.396 Thread 0x0000000017ade800 flushing nmethod 0x0000000003483910
Event: 101.396 Thread 0x0000000017ade800 flushing nmethod 0x0000000003489690
Event: 101.396 Thread 0x0000000017ade800 flushing nmethod 0x0000000003491d90
Event: 101.396 Thread 0x0000000017ade800 flushing nmethod 0x00000000034a0fd0
Event: 101.583 Thread 0x0000000017ae9000 flushing nmethod 0x00000000034af950
Event: 101.583 Thread 0x0000000017ae9000 flushing nmethod 0x00000000034bf6d0
Event: 101.583 Thread 0x0000000017ae9000 flushing nmethod 0x00000000034c2790
Event: 101.583 Thread 0x0000000017ae9000 flushing nmethod 0x00000000034c6810
Event: 101.583 Thread 0x0000000017ae9000 flushing nmethod 0x00000000034d0690


Dynamic libraries:
0x00007ff71d760000 - 0x00007ff71d797000 	C:\Program Files\Java\jre1.8.0_111\bin\javaw.exe
0x00007ffd965b0000 - 0x00007ffd96791000 	C:\WINDOWS\SYSTEM32\ntdll.dll
0x00007ffd94b80000 - 0x00007ffd94c31000 	C:\WINDOWS\System32\KERNEL32.DLL
0x00007ffd93490000 - 0x00007ffd93703000 	C:\WINDOWS\System32\KERNELBASE.dll
0x00007ffd87b40000 - 0x00007ffd87bcb000 	C:\WINDOWS\SYSTEM32\apphelp.dll
0x00007ffd94a70000 - 0x00007ffd94b11000 	C:\WINDOWS\System32\ADVAPI32.dll
0x00007ffd960f0000 - 0x00007ffd9618e000 	C:\WINDOWS\System32\msvcrt.dll
0x00007ffd94970000 - 0x00007ffd949cb000 	C:\WINDOWS\System32\sechost.dll
0x00007ffd94310000 - 0x00007ffd94434000 	C:\WINDOWS\System32\RPCRT4.dll
0x00007ffd94620000 - 0x00007ffd947b0000 	C:\WINDOWS\System32\USER32.dll
0x00007ffd92940000 - 0x00007ffd92960000 	C:\WINDOWS\System32\win32u.dll
0x00007ffd94940000 - 0x00007ffd94968000 	C:\WINDOWS\System32\GDI32.dll
0x00007ffd93860000 - 0x00007ffd939f1000 	C:\WINDOWS\System32\gdi32full.dll
0x00007ffd937c0000 - 0x00007ffd9385f000 	C:\WINDOWS\System32\msvcp_win.dll
0x00007ffd93310000 - 0x00007ffd93408000 	C:\WINDOWS\System32\ucrtbase.dll
0x00007ffd752a0000 - 0x00007ffd75509000 	C:\WINDOWS\WinSxS\amd64_microsoft.windows.common-controls_6595b64144ccf1df_6.0.17134.1304_none_d3fbe61b7c93d9f0\COMCTL32.dll
0x00007ffd93e50000 - 0x00007ffd94171000 	C:\WINDOWS\System32\combase.dll
0x00007ffd93410000 - 0x00007ffd93489000 	C:\WINDOWS\System32\bcryptPrimitives.dll
0x00007ffd942e0000 - 0x00007ffd9430d000 	C:\WINDOWS\System32\IMM32.DLL
0x0000000069a50000 - 0x0000000069b22000 	C:\Program Files\Java\jre1.8.0_111\bin\msvcr100.dll
0x00000000691b0000 - 0x0000000069a4a000 	C:\Program Files\Java\jre1.8.0_111\bin\server\jvm.dll
0x00007ffd94a60000 - 0x00007ffd94a68000 	C:\WINDOWS\System32\PSAPI.DLL
0x00007ffd91300000 - 0x00007ffd9130a000 	C:\WINDOWS\SYSTEM32\VERSION.dll
0x00007ffd826a0000 - 0x00007ffd826a9000 	C:\WINDOWS\SYSTEM32\WSOCK32.dll
0x00007ffd85d50000 - 0x00007ffd85d73000 	C:\WINDOWS\SYSTEM32\WINMM.dll
0x00007ffd949f0000 - 0x00007ffd94a5c000 	C:\WINDOWS\System32\WS2_32.dll
0x00007ffd85d20000 - 0x00007ffd85d4a000 	C:\WINDOWS\SYSTEM32\WINMMBASE.dll
0x00007ffd932c0000 - 0x00007ffd93309000 	C:\WINDOWS\System32\cfgmgr32.dll
0x000000006a5f0000 - 0x000000006a5ff000 	C:\Program Files\Java\jre1.8.0_111\bin\verify.dll
0x000000006a5c0000 - 0x000000006a5e9000 	C:\Program Files\Java\jre1.8.0_111\bin\java.dll
0x000000006a5a0000 - 0x000000006a5b6000 	C:\Program Files\Java\jre1.8.0_111\bin\zip.dll
0x00007ffd94ca0000 - 0x00007ffd960e5000 	C:\WINDOWS\System32\SHELL32.dll
0x00007ffd96210000 - 0x00007ffd962b9000 	C:\WINDOWS\System32\shcore.dll
0x00007ffd92bb0000 - 0x00007ffd932c0000 	C:\WINDOWS\System32\windows.storage.dll
0x00007ffd94b20000 - 0x00007ffd94b71000 	C:\WINDOWS\System32\shlwapi.dll
0x00007ffd92910000 - 0x00007ffd92921000 	C:\WINDOWS\System32\kernel.appcore.dll
0x00007ffd928f0000 - 0x00007ffd9290f000 	C:\WINDOWS\System32\profapi.dll
0x00007ffd928a0000 - 0x00007ffd928ec000 	C:\WINDOWS\System32\powrprof.dll
0x00007ffd92930000 - 0x00007ffd9293a000 	C:\WINDOWS\System32\FLTLIB.DLL
0x0000000069010000 - 0x00000000691a8000 	C:\Program Files\Java\jre1.8.0_111\bin\awt.dll
0x00007ffd962e0000 - 0x00007ffd963a2000 	C:\WINDOWS\System32\OLEAUT32.dll
0x00007ffd90760000 - 0x00007ffd907f8000 	C:\WINDOWS\system32\uxtheme.dll
0x00007ffd944a0000 - 0x00007ffd94614000 	C:\WINDOWS\System32\MSCTF.dll
0x00007ffd909f0000 - 0x00007ffd90a19000 	C:\WINDOWS\system32\dwmapi.dll
0x00007ffd94180000 - 0x00007ffd942d1000 	C:\WINDOWS\System32\ole32.dll
0x000000006a580000 - 0x000000006a59a000 	C:\Program Files\Java\jre1.8.0_111\bin\net.dll
0x00007ffd92100000 - 0x00007ffd92166000 	C:\WINDOWS\system32\mswsock.dll
0x000000006a560000 - 0x000000006a571000 	C:\Program Files\Java\jre1.8.0_111\bin\nio.dll
0x00007ffd847f0000 - 0x00007ffd84814000 	C:\Users\jymarzin\AppData\Local\Temp\bluecove_jymarzin_0\intelbth_x64.dll
0x00007ffd8d5c0000 - 0x00007ffd8d5d5000 	C:\WINDOWS\System32\wshBth.dll
0x00007ffd55990000 - 0x00007ffd559fd000 	C:\WINDOWS\SYSTEM32\irprops.cpl
0x00007ffd33040000 - 0x00007ffd36041000 	C:\opencv-4.3.0\opencv\build\java\x64\opencv_java430.dll
0x00007ffd67d00000 - 0x00007ffd67edb000 	C:\WINDOWS\SYSTEM32\MFPlat.DLL
0x00007ffd53c40000 - 0x00007ffd53cbb000 	C:\WINDOWS\SYSTEM32\MF.dll
0x00007ffd55890000 - 0x00007ffd55988000 	C:\WINDOWS\SYSTEM32\MFReadWrite.dll
0x00007ffd4af70000 - 0x00007ffd4b39e000 	C:\WINDOWS\SYSTEM32\MFCORE.DLL
0x00007ffd929c0000 - 0x00007ffd92ba2000 	C:\WINDOWS\System32\CRYPT32.dll
0x00007ffd92880000 - 0x00007ffd92892000 	C:\WINDOWS\System32\MSASN1.dll
0x00007ffd923e0000 - 0x00007ffd92405000 	C:\WINDOWS\SYSTEM32\bcrypt.dll
0x00007ffd7a7a0000 - 0x00007ffd7a7a9000 	C:\WINDOWS\SYSTEM32\ksuser.dll
0x00007ffd922d0000 - 0x00007ffd922db000 	C:\WINDOWS\SYSTEM32\CRYPTBASE.DLL
0x00007ffd84600000 - 0x00007ffd8462e000 	C:\WINDOWS\SYSTEM32\RTWorkQ.DLL
0x00007ffd91e50000 - 0x00007ffd91e88000 	C:\WINDOWS\SYSTEM32\IPHLPAPI.DLL
0x00007ffd949d0000 - 0x00007ffd949d8000 	C:\WINDOWS\System32\NSI.dll
0x00007ffd8e2f0000 - 0x00007ffd8e306000 	C:\WINDOWS\SYSTEM32\dhcpcsvc6.DLL
0x00007ffd8e6e0000 - 0x00007ffd8e6fa000 	C:\WINDOWS\SYSTEM32\dhcpcsvc.DLL
0x000000006a240000 - 0x000000006a287000 	C:\Program Files\Java\jre1.8.0_111\bin\fontmanager.dll
0x0000000069d30000 - 0x0000000069d72000 	C:\Program Files\Java\jre1.8.0_111\bin\t2k.dll
0x00007ffd947b0000 - 0x00007ffd94850000 	C:\WINDOWS\System32\clbcatq.dll
0x00007ffd83b40000 - 0x00007ffd83cee000 	C:\WINDOWS\SYSTEM32\WindowsCodecs.dll
0x00007ffd680d0000 - 0x00007ffd68128000 	C:\WINDOWS\system32\dataexchange.dll
0x00007ffd8ea10000 - 0x00007ffd8ed1b000 	C:\WINDOWS\system32\d3d11.dll
0x00007ffd87540000 - 0x00007ffd876dc000 	C:\WINDOWS\system32\dcomp.dll
0x00007ffd91740000 - 0x00007ffd917fb000 	C:\WINDOWS\system32\dxgi.dll
0x00007ffd90b30000 - 0x00007ffd90ce8000 	C:\WINDOWS\system32\twinapi.appcore.dll
0x00007ffd90ad0000 - 0x00007ffd90af1000 	C:\WINDOWS\system32\RMCLIENT.dll
0x00007ffd8ddb0000 - 0x00007ffd8de46000 	C:\WINDOWS\System32\TextInputFramework.dll
0x00007ffd77a10000 - 0x00007ffd77d2e000 	C:\WINDOWS\System32\CoreUIComponents.dll
0x00007ffd91630000 - 0x00007ffd91661000 	C:\WINDOWS\SYSTEM32\ntmarta.dll
0x00007ffd8a990000 - 0x00007ffd8aa6a000 	C:\WINDOWS\System32\CoreMessaging.dll
0x00007ffd8f840000 - 0x00007ffd8f98d000 	C:\WINDOWS\SYSTEM32\wintypes.dll
0x00007ffd79250000 - 0x00007ffd792bb000 	C:\WINDOWS\system32\Oleacc.dll
0x00007ffd922b0000 - 0x00007ffd922c7000 	C:\WINDOWS\SYSTEM32\CRYPTSP.dll
0x00007ffd91cb0000 - 0x00007ffd91ce3000 	C:\WINDOWS\system32\rsaenh.dll
0x00007ffd927b0000 - 0x00007ffd927d8000 	C:\WINDOWS\SYSTEM32\USERENV.dll
0x0000000069cf0000 - 0x0000000069d21000 	C:\Program Files\Java\jre1.8.0_111\bin\jpeg.dll

VM Arguments:
jvm_args: -Djava.library.path=C:\opencv-4.3.0\opencv\build\java\x64 -Dfile.encoding=Cp1252 
java_command: Lumix_wifi_tether.fond_ecran
java_class_path (initial): C:\Users\jymarzin\eclipse-workspace\Lumix_wifi_tether\bin;C:\Users\jymarzin\eclipse-workspace\Lumix_wifi_tether\org.apache.commons.codec_1.6.0.v201305230611.jar;C:\Users\jymarzin\eclipse-workspace\Lumix_wifi_tether\commons-lang3-3.10.jar;C:\Users\jymarzin\eclipse-workspace\Lumix_wifi_tether\bluecove-2.1.1-SNAPSHOT.jar;C:\opencv-4.3.0\opencv\build\java\opencv-430.jar
Launcher Type: SUN_STANDARD

Environment Variables:
JAVA_HOME=C:\AI2U\JDK
USERNAME=jymarzin
OS=Windows_NT
PROCESSOR_IDENTIFIER=Intel64 Family 6 Model 78 Stepping 3, GenuineIntel



---------------  S Y S T E M  ---------------

OS: Windows 10.0 , 64 bit Build 17134 (10.0.17134.753)

CPU:total 4 (2 cores per cpu, 2 threads per core) family 6 model 78 stepping 3, cmov, cx8, fxsr, mmx, sse, sse2, sse3, ssse3, sse4.1, sse4.2, popcnt, avx, avx2, aes, clmul, erms, 3dnowpref, lzcnt, ht, tsc, tscinvbit, bmi1, bmi2, adx

Memory: 4k page, physical 8221828k(640792k free), swap 13725212k(952k free)

vm_info: Java HotSpot(TM) 64-Bit Server VM (25.111-b14) for windows-amd64 JRE (1.8.0_111-b14), built on Sep 22 2016 19:24:05 by "java_re" with MS VC++ 10.0 (VS2010)

time: Sun Jun 07 12:15:02 2020
elapsed time: 101 seconds (0d 0h 1m 41s)

