#
# There is insufficient memory for the Java Runtime Environment to continue.
# Native memory allocation (mmap) failed to map 536870912 bytes for Failed to commit area from 0x00000000c0000000 to 0x00000000e0000000 of length 536870912.
# Possible reasons:
#   The system is out of physical RAM or swap space
#   The process is running with CompressedOops enabled, and the Java Heap may be blocking the growth of the native heap
# Possible solutions:
#   Reduce memory load on the system
#   Increase physical memory or swap space
#   Check if swap backing store is full
#   Decrease Java heap size (-Xmx/-Xms)
#   Decrease number of Java threads
#   Decrease Java thread stack sizes (-Xss)
#   Set larger code cache with -XX:ReservedCodeCacheSize=
# This output file may be truncated or incomplete.
#
#  Out of Memory Error (./src/hotspot/os/windows/os_windows.cpp:3303), pid=15168, tid=14168
#
# JRE version:  (11.0.7+10) (build )
# Java VM: OpenJDK 64-Bit Server VM (11.0.7+10, mixed mode, sharing, tiered, compressed oops, g1 gc, windows-amd64)
# No core dump will be written. Minidumps are not enabled by default on client versions of Windows
#

---------------  S U M M A R Y ------------

Command Line: -Xms512M -Xmx1024M Lumix_wifi_tether.jar 192.168.54.1 12 60606 false false false

Host: Intel(R) Core(TM) i5-6200U CPU @ 2.30GHz, 4 cores, 7G,  Windows 10 , 64 bit Build 17134 (10.0.17134.753)
Time: Mon Jun 15 11:47:47 2020 Paris, Madrid (heure d?été) elapsed time: 0 seconds (0d 0h 0m 0s)

---------------  T H R E A D  ---------------

Current thread (0x000001d99c6b9000):  JavaThread "Unknown thread" [_thread_in_vm, id=14168, stack(0x000000213d800000,0x000000213d900000)]

Stack: [0x000000213d800000,0x000000213d900000]
Native frames: (J=compiled Java code, j=interpreted, Vv=VM code, C=native code)
V  [jvm.dll+0x5dec5a]
V  [jvm.dll+0x71671e]
V  [jvm.dll+0x717def]
V  [jvm.dll+0x7184b3]
V  [jvm.dll+0x2409b8]
V  [jvm.dll+0x5dbf1a]
V  [jvm.dll+0x5d0c05]
V  [jvm.dll+0x2f614c]
V  [jvm.dll+0x2f5fd2]
V  [jvm.dll+0x2fac86]
V  [jvm.dll+0x33eb4f]
V  [jvm.dll+0x33e580]
V  [jvm.dll+0x2d3518]
V  [jvm.dll+0x2d4666]
V  [jvm.dll+0x6f2437]
V  [jvm.dll+0x6f3bbf]
V  [jvm.dll+0x34b8d9]
V  [jvm.dll+0x6d5aa0]
V  [jvm.dll+0x3b2c8f]
V  [jvm.dll+0x3b4f41]
C  [jli.dll+0x51fb]
C  [ucrtbase.dll+0x1e3fe]
C  [KERNEL32.DLL+0x14034]
C  [ntdll.dll+0x73691]


---------------  P R O C E S S  ---------------

Threads class SMR info:
_java_thread_list=0x000001d99a421d20, length=0, elements={
}

Java Threads: ( => current thread )

Other Threads:
  0x000001d99c6d2800 GCTaskThread "GC Thread#0" [stack: 0x000000213d900000,0x000000213da00000] [id=13016]
  0x000001d99c6ed800 ConcurrentGCThread "G1 Main Marker" [stack: 0x000000213da00000,0x000000213db00000] [id=7724]
  0x000001d99c6ef800 ConcurrentGCThread "G1 Conc#0" [stack: 0x000000213db00000,0x000000213dc00000] [id=288]

[error occurred during error reporting (printing all threads), id 0xc0000005, EXCEPTION_ACCESS_VIOLATION (0xc0000005) at pc=0x00007ff880252b67]

VM state:not at safepoint (not fully initialized)

VM Mutex/Monitor currently owned by a thread:  ([mutex/lock_event])
[0x000001d99c6b5f00] Heap_lock - owner thread: 0x000001d99c6b9000

Heap address: 0x00000000c0000000, size: 1024 MB, Compressed Oops mode: Non-zero based: 0x00000000c0000000
Narrow klass base: 0x0000000000000000, Narrow klass shift: 0

GC Heap History (0 events):
No events

Deoptimization events (0 events):
No events

Classes redefined (0 events):
No events

Internal exceptions (0 events):
No events

Events (2 events):
Event: 0.018 Loaded shared library C:\Program Files\AdoptOpenJDK\jre-11.0.7.10-hotspot\bin\zip.dll
Event: 0.020 Loaded shared library C:\Program Files\AdoptOpenJDK\jre-11.0.7.10-hotspot\bin\jimage.dll


Dynamic libraries:
0x00007ff7637d0000 - 0x00007ff7637dd000 	C:\Program Files\AdoptOpenJDK\jre-11.0.7.10-hotspot\bin\java.exe
0x00007ff8c8a00000 - 0x00007ff8c8be1000 	C:\WINDOWS\SYSTEM32\ntdll.dll
0x00007ff8c6690000 - 0x00007ff8c6741000 	C:\WINDOWS\System32\KERNEL32.DLL
0x00007ff8c5bd0000 - 0x00007ff8c5e43000 	C:\WINDOWS\System32\KERNELBASE.dll
0x00007ff8c5000000 - 0x00007ff8c50f8000 	C:\WINDOWS\System32\ucrtbase.dll
0x00007ff8aa250000 - 0x00007ff8aa267000 	C:\Program Files\AdoptOpenJDK\jre-11.0.7.10-hotspot\bin\jli.dll
0x00007ff8c6ea0000 - 0x00007ff8c7030000 	C:\WINDOWS\System32\USER32.dll
0x00007ff8c53f0000 - 0x00007ff8c5410000 	C:\WINDOWS\System32\win32u.dll
0x00007ff8c6c90000 - 0x00007ff8c6cb8000 	C:\WINDOWS\System32\GDI32.dll
0x00007ff8c5250000 - 0x00007ff8c53e1000 	C:\WINDOWS\System32\gdi32full.dll
0x00007ff8c51b0000 - 0x00007ff8c524f000 	C:\WINDOWS\System32\msvcp_win.dll
0x00007ff8a9700000 - 0x00007ff8a9715000 	C:\Program Files\AdoptOpenJDK\jre-11.0.7.10-hotspot\bin\VCRUNTIME140.dll
0x00007ff8a29b0000 - 0x00007ff8a2c19000 	C:\WINDOWS\WinSxS\amd64_microsoft.windows.common-controls_6595b64144ccf1df_6.0.17134.1304_none_d3fbe61b7c93d9f0\COMCTL32.dll
0x00007ff8c6cc0000 - 0x00007ff8c6d5e000 	C:\WINDOWS\System32\msvcrt.dll
0x00007ff8c5e50000 - 0x00007ff8c6171000 	C:\WINDOWS\System32\combase.dll
0x00007ff8c6d60000 - 0x00007ff8c6e84000 	C:\WINDOWS\System32\RPCRT4.dll
0x00007ff8c4f80000 - 0x00007ff8c4ff9000 	C:\WINDOWS\System32\bcryptPrimitives.dll
0x00007ff8c6180000 - 0x00007ff8c61ad000 	C:\WINDOWS\System32\IMM32.DLL
0x00007ff8990f0000 - 0x00007ff89918b000 	C:\Program Files\AdoptOpenJDK\jre-11.0.7.10-hotspot\bin\msvcp140.dll
0x00007ff87ff70000 - 0x00007ff880a2c000 	C:\Program Files\AdoptOpenJDK\jre-11.0.7.10-hotspot\bin\server\jvm.dll
0x00007ff8c87d0000 - 0x00007ff8c8871000 	C:\WINDOWS\System32\ADVAPI32.dll
0x00007ff8c7030000 - 0x00007ff8c708b000 	C:\WINDOWS\System32\sechost.dll
0x00007ff8c87c0000 - 0x00007ff8c87c8000 	C:\WINDOWS\System32\PSAPI.DLL
0x00007ff8b7210000 - 0x00007ff8b7219000 	C:\WINDOWS\SYSTEM32\WSOCK32.dll
0x00007ff8c7160000 - 0x00007ff8c71cc000 	C:\WINDOWS\System32\WS2_32.dll
0x00007ff8b8290000 - 0x00007ff8b82b3000 	C:\WINDOWS\SYSTEM32\WINMM.dll
0x00007ff8c3910000 - 0x00007ff8c391a000 	C:\WINDOWS\SYSTEM32\VERSION.dll
0x00007ff8b8260000 - 0x00007ff8b828a000 	C:\WINDOWS\SYSTEM32\winmmbase.dll
0x00007ff8c5b20000 - 0x00007ff8c5b69000 	C:\WINDOWS\System32\cfgmgr32.dll
0x00007ff8c4d70000 - 0x00007ff8c4d81000 	C:\WINDOWS\System32\kernel.appcore.dll
0x00007ff8c1650000 - 0x00007ff8c1660000 	C:\Program Files\AdoptOpenJDK\jre-11.0.7.10-hotspot\bin\verify.dll
0x00007ff8c28c0000 - 0x00007ff8c2a89000 	C:\WINDOWS\SYSTEM32\DBGHELP.DLL
0x00007ff8bfa90000 - 0x00007ff8bfab9000 	C:\WINDOWS\SYSTEM32\dbgcore.DLL
0x00007ff8aef10000 - 0x00007ff8aef38000 	C:\Program Files\AdoptOpenJDK\jre-11.0.7.10-hotspot\bin\java.dll
0x00007ff8c1540000 - 0x00007ff8c1556000 	C:\Program Files\AdoptOpenJDK\jre-11.0.7.10-hotspot\bin\zip.dll
0x00007ff8c15f0000 - 0x00007ff8c15fa000 	C:\Program Files\AdoptOpenJDK\jre-11.0.7.10-hotspot\bin\jimage.dll

dbghelp: loaded successfully - version: 4.0.5 - missing functions: none
symbol engine: initialized successfully - sym options: 0x614 - pdb path: .;C:\Program Files\AdoptOpenJDK\jre-11.0.7.10-hotspot\bin;C:\WINDOWS\SYSTEM32;C:\WINDOWS\WinSxS\amd64_microsoft.windows.common-controls_6595b64144ccf1df_6.0.17134.1304_none_d3fbe61b7c93d9f0;C:\Program Files\AdoptOpenJDK\jre-11.0.7.10-hotspot\bin\server

VM Arguments:
jvm_args: -Xms512M -Xmx1024M 
java_command: Lumix_wifi_tether.jar 192.168.54.1 12 60606 false false false
java_class_path (initial): Lumix_wifi_tether.jar
Launcher Type: SUN_STANDARD

[Global flags]
     intx CICompilerCount                          = 3                                         {product} {ergonomic}
     uint ConcGCThreads                            = 1                                         {product} {ergonomic}
     uint G1ConcRefinementThreads                  = 4                                         {product} {ergonomic}
   size_t G1HeapRegionSize                         = 1048576                                   {product} {ergonomic}
    uintx GCDrainStackTargetSize                   = 64                                        {product} {ergonomic}
   size_t InitialHeapSize                          = 536870912                                 {product} {command line}
   size_t MarkStackSize                            = 4194304                                   {product} {ergonomic}
   size_t MaxHeapSize                              = 1073741824                                {product} {command line}
   size_t MinHeapDeltaBytes                        = 1048576                                   {product} {ergonomic}
    uintx NonNMethodCodeHeapSize                   = 5830732                                {pd product} {ergonomic}
    uintx NonProfiledCodeHeapSize                  = 122913754                              {pd product} {ergonomic}
    uintx ProfiledCodeHeapSize                     = 122913754                              {pd product} {ergonomic}
    uintx ReservedCodeCacheSize                    = 251658240                              {pd product} {ergonomic}
     bool SegmentedCodeCache                       = true                                      {product} {ergonomic}
     bool UseCompressedClassPointers               = true                                 {lp64_product} {ergonomic}
     bool UseCompressedOops                        = true                                 {lp64_product} {ergonomic}
     bool UseG1GC                                  = true                                      {product} {ergonomic}
     bool UseLargePagesIndividualAllocation        = false                                  {pd product} {ergonomic}

Logging:
Log output configuration:
 #0: stdout all=warning uptime,level,tags
 #1: stderr all=off uptime,level,tags

Environment Variables:
JAVA_HOME=C:\AI2U\JDK
PATH=C:\Program Files\AdoptOpenJDK\jre-11.0.7.10-hotspot\bin;C:\Program Files (x86)\Common Files\Oracle\Java\javapath;C:\ProgramData\Oracle\Java\javapath;C:\WINDOWS\system32;C:\WINDOWS;C:\WINDOWS\System32\Wbem;C:\WINDOWS\System32\WindowsPowerShell\v1.0\;C:\Program Files (x86)\GTK2-Runtime\bin;C:\Program Files (x86)\QuickTime\QTSystem\;C:\Users\jymarzin\Documents\winpython\WinPython-32bit-2.7.6.3\python-2.7.6\;C:\Program Files (x86)\VideoLan\VLC;C:\WINDOWS\System32\OpenSSH\;C:\Program Files\Intel\WiFi\bin\;C:\Program Files\Common Files\Intel\WirelessCommon\;C:\Program Files (x86)\Intel\Intel(R) Management Engine Components\DAL;C:\Program Files\Intel\Intel(R) Management Engine Components\DAL;C:\Program Files\Intel\WiFi\bin\;C:\Program Files\Common Files\Intel\WirelessCommon\;C:\Users\jymarzin\AppData\Roaming\Dashlane\4.5.2.16147\bin\Firefox_Extension\{442718d9-475e-452a-b3e1-fb1ee16b8e9f}\components;C:\Users\jymarzin\AppData\Roaming\Dashlane\4.6.5.21982\bin\Firefox_Extension\{442718d9-475e-452a-b3e1-fb1ee16b8e9f}\components;C:\Users\jymarzin\AppData\Roaming\Dashlane\4.6.6.23032\bin\Firefox_Extension\{442718d9-475e-452a-b3e1-fb1ee16b8e9f}\components;C:\Users\jymarzin\AppData\Local\Microsoft\WindowsApps;C:\Program Files (x86)\Java\jdk1.8.0_144\bin;C:\apache-ant-1.10.1\bin;C:\Program Files (x86)\VideoLan\VLC;C:\Users\jymarzin\apktools;C:\Users\jymarzin\AppData\Roaming\Dashlane\6.1907.0.17833\bin\Firefox_Extension\{442718d9-475e-452a-b3e1-fb1ee16b8e9f}\components;C:\Users\jymarzin\AppData\Roaming\Dashlane\6.1907.0.17833\ucrt;C:\Users\jymarzin\AppData\Roaming\Dashlane\6.1907.0.17833\bin\Qt;C:\Users\jymarzin\AppData\Roaming\Dashlane\6.1907.0.17833\bin\Ssl;C:\Users\jymarzin\AppData\Local\Polycom\RealPre
USERNAME=jymarzin
OS=Windows_NT
PROCESSOR_IDENTIFIER=Intel64 Family 6 Model 78 Stepping 3, GenuineIntel



---------------  S Y S T E M  ---------------

OS: Windows 10 , 64 bit Build 17134 (10.0.17134.753)
OS uptime: 1 days 18:36 hours

CPU:total 4 (initial active 4) (2 cores per cpu, 2 threads per core) family 6 model 78 stepping 3, cmov, cx8, fxsr, mmx, sse, sse2, sse3, ssse3, sse4.1, sse4.2, popcnt, avx, avx2, aes, clmul, erms, 3dnowpref, lzcnt, ht, tsc, tscinvbit, bmi1, bmi2, adx, fma

Memory: 4k page, system-wide physical 8029M (2104M free)
TotalPageFile size 11342M (AvailPageFile size 266M)
current process WorkingSet (physical memory assigned to process): 9M, peak: 9M
current process commit charge ("private bytes"): 51M, peak: 563M

vm_info: OpenJDK 64-Bit Server VM (11.0.7+10) for windows-amd64 JRE (11.0.7+10), built on Apr 22 2020 11:46:09 by "" with MS VC++ 15.9 (VS2017)

END.
